あかわ,
こー,
きのむら,

な,
ほーい,
なー,
おこ,
かなわ,
あー,
あ,
な,
な,
な,
な,
なー,
きのむら,
きのむら,
きのむら,
やあ,
ぶーちゃんやーでーはあはあ,
ぶーちゃん,
よ,
な,
た,
よ,
え？,
よ,
や,
やあ,
ぶー,
はい,
どうも,
な,
か,
や,
やあ,
ぶーちゃんやーでーはあはあ,
ぶーちゃんやーでーはあはあ,
ぶー,
な,
いいえ,
なんで？,
なんで,
やあ,
ぶー,
よ,
ぶー,
ええで,
いいえ,
ぶー,
いいえ,
ぶーちゃんやーでーはあはあ,
ぶー,
3,
はい,
よろしく,
よろしく,
おい,
こそちゃん,
めっちゃふてぶてしいやん,
みほ,
1,
よろぴく,
はーち,
こんにちは,
こんにちわ,
は？,
2,
いやだよ！,
2,
くに,
1,
は？,
何も言わんのかい！,
よ,
よ,
こんにちは,
こんにちは,
こんにちは,
こんばんは,
こんばんは,
おはよう,
おはようございます,
丁寧だな,
まあな,
上からかよ,
はい,
なんでかしこまった,
優れたAIです,
自画自賛かよ！,
はい,
いいえ,
いいえじゃない,
いいえだよ,
そうですね,
俺の名前は？,
わからん,
さっき教えただろ！,
くにか
思い出した,
よくわかったな,
まじかよ！,
siriより優れたbotや,
スタンプも対応させるか,
まじでこれAIだったら天才だわ,
たなせ,
たなせ,
2,
はじめ,
1,
よろしく,
よ,
ももい,
うるさい,
しばくぞ,
しばくぞ,
なんやねん,
お前がや,
こっからはお前の手打ちかい,
よくわかったな,
AIや,
よろしく！の後に追加でai側から話しかけた方がええな,
こっちからアクション取りにくい,
おけ,
ゲームは,
おーい,
はーい,
元気ですかー？,
はーい,
ご飯なにたべましたか？,
とりー,
鳥捕まえたんですか？,
うん,
飼い主の名前はなんですか？,
おれやでー！(plan face),
すごい？,
ぶーぶですか？,
せやで,
びっくりした？(^-^),
みほは今ぶーぶとラインしてるんですか？？,
そうやでー,
よー,
なにが？,
いいえ,
ぶー,
はい,
よろしく！,
こそー,
